0 info it worked if it ends with ok
1 verbose cli [ 'C:\\ruby\\other\\node.exe',
1 verbose cli   'C:\\ruby\\other\\node_modules\\npm\\bin\\npm-cli.js',
1 verbose cli   'run',
1 verbose cli   'start' ]
2 info using npm@3.10.10
3 info using node@v6.11.4
4 verbose run-script [ 'prestart', 'start', 'poststart' ]
5 info lifecycle server-app@1.0.0~prestart: server-app@1.0.0
6 silly lifecycle server-app@1.0.0~prestart: no script for prestart, continuing
7 info lifecycle server-app@1.0.0~start: server-app@1.0.0
8 verbose lifecycle server-app@1.0.0~start: unsafe-perm in lifecycle true
9 verbose lifecycle server-app@1.0.0~start: PATH: C:\ruby\other\node_modules\npm\bin\node-gyp-bin;C:\Users\User\Desktop\samples\newwork\server-app\node_modules\.bin;C:\Program Files (x86)\Intel\iCLS Client\;C:\Program Files\Intel\iCLS Client\;C:\WINDOWS\system32;C:\WINDOWS;C:\WINDOWS\System32\Wbem;C:\WINDOWS\System32\WindowsPowerShell\v1.0\;C:\Program Files (x86)\Intel\Intel(R) Management Engine Components\DAL;C:\Program Files\Intel\Intel(R) Management Engine Components\DAL;C:\Program Files (x86)\Intel\Intel(R) Management Engine Components\IPT;C:\Program Files\Intel\Intel(R) Management Engine Components\IPT;C:\Program Files (x86)\Skype\Phone\;C:\WINDOWS\system32\config\systemprofile\.dnx\bin;C:\Program Files\Microsoft DNX\Dnvm\;C:\Program Files\Microsoft SQL Server\130\Tools\Binn\;C:\Program Files (x86)\Windows Kits\8.1\Windows Performance Toolkit\;C:\Program Files\Intel\WiFi\bin\;C:\Program Files\Common Files\Intel\WirelessCommon\;C:\сайт\command;C:\Program Files\Git\cmd;C:\ruby\other\;C:\ruby\Ruby24-x64\bin;C:\Users\User\AppData\Local\Microsoft\WindowsApps;c:\Program Files\Intel\WiFi\bin\;c:\Program Files\Common Files\Intel\WirelessCommon\;C:\Users\User\AppData\Local\GitHubDesktop\bin;C:\Users\User\AppData\Roaming\npm;C:\visual code\Microsoft VS Code\bin
10 verbose lifecycle server-app@1.0.0~start: CWD: C:\Users\User\Desktop\samples\newwork\server-app
11 silly lifecycle server-app@1.0.0~start: Args: [ '/d /s /c', 'node server.js' ]
12 silly lifecycle server-app@1.0.0~start: Returned: code: 1  signal: null
13 info lifecycle server-app@1.0.0~start: Failed to exec start script
14 verbose stack Error: server-app@1.0.0 start: `node server.js`
14 verbose stack Exit status 1
14 verbose stack     at EventEmitter.<anonymous> (C:\ruby\other\node_modules\npm\lib\utils\lifecycle.js:255:16)
14 verbose stack     at emitTwo (events.js:106:13)
14 verbose stack     at EventEmitter.emit (events.js:191:7)
14 verbose stack     at ChildProcess.<anonymous> (C:\ruby\other\node_modules\npm\lib\utils\spawn.js:40:14)
14 verbose stack     at emitTwo (events.js:106:13)
14 verbose stack     at ChildProcess.emit (events.js:191:7)
14 verbose stack     at maybeClose (internal/child_process.js:920:16)
14 verbose stack     at Process.ChildProcess._handle.onexit (internal/child_process.js:230:5)
15 verbose pkgid server-app@1.0.0
16 verbose cwd C:\Users\User\Desktop\samples\newwork\server-app
17 error Windows_NT 10.0.15063
18 error argv "C:\\ruby\\other\\node.exe" "C:\\ruby\\other\\node_modules\\npm\\bin\\npm-cli.js" "run" "start"
19 error node v6.11.4
20 error npm  v3.10.10
21 error code ELIFECYCLE
22 error server-app@1.0.0 start: `node server.js`
22 error Exit status 1
23 error Failed at the server-app@1.0.0 start script 'node server.js'.
23 error Make sure you have the latest version of node.js and npm installed.
23 error If you do, this is most likely a problem with the server-app package,
23 error not with npm itself.
23 error Tell the author that this fails on your system:
23 error     node server.js
23 error You can get information on how to open an issue for this project with:
23 error     npm bugs server-app
23 error Or if that isn't available, you can get their info via:
23 error     npm owner ls server-app
23 error There is likely additional logging output above.
24 verbose exit [ 1, true ]
